68K GAS  src/megadrive/header.68k 			page 1


   1               	*
   2               	* Mega Drive ROM header: 68K vectors + Sega header
   3               	*
   4               	
   5               	    .include "vdpregs.inc"
   1               	*
   2               	* Mega Drive hardware definitions for Xevious port
   3               	*
   4               	
   5               	* 68K memory map
   6               	    .equ    ROM_BASE,       0x000000
   7               	    .equ    SRAM_BASE,      0x200001            | odd bytes
   8               	    .equ    SRAM_END,       0x2003FF
   9               	    .equ    Z80_RAM,        0xA00000
  10               	    .equ    Z80_BUSREQ,     0xA11100
  11               	    .equ    Z80_RESET,      0xA11200
  12               	    .equ    IO_VERSION,     0xA10001
  13               	    .equ    IO_DATA1,       0xA10003
  14               	    .equ    IO_DATA2,       0xA10005
  15               	    .equ    IO_CTRL1,       0xA10009
  16               	    .equ    IO_CTRL2,       0xA1000B
  17               	    .equ    TMSS_REG,       0xA14000
  18               	    .equ    SRAM_CTRL,      0xA130F1
  19               	    .equ    RAM_BASE,       0xFF0000
  20               	
  21               	* VDP ports
  22               	    .equ    VDP_DATA,       0xC00000
  23               	    .equ    VDP_CTRL,       0xC00004
  24               	    .equ    VDP_HV,         0xC00008
  25               	    .equ    PSG_PORT,       0xC00011
  26               	
  27               	* VRAM layout
  28               	* tile patterns: 0x0000-0xAFFF (tile 0 = blank)
  29               	*   bg game patterns   from 0x0020 (generated, see graphics_md.68k)
  30               	*   sprite pool        after bg    (generated bound)
  31               	*   fg dynamic cache   below window NT
  32               	    .equ    VRAM_WINDOW_NT, 0xB000              | 64x32 window nametable (4KB)
  33               	    .equ    VRAM_SAT,       0xBC00              | sprite attribute table (640B)
  34               	    .equ    VRAM_HSCROLL,   0xBF00              | hscroll table
  35               	    .equ    VRAM_PLANE_A,   0xC000              | 64x64 nametable (8KB)
  36               	    .equ    VRAM_PLANE_B,   0xE000              | 64x64 nametable (8KB)
  37               	
  38               	* VDP register values
  39               	* NOTE: '|' is the comment char in MIT syntax: use '+' in expressions!
  40               	    .equ    VDPR00, 0x8004                      | mode 1: no hint, normal ops
  41               	    .equ    VDPR01_OFF, 0x8134                  | mode 2: display off, vint, dma, V28, mode5
  42               	    .equ    VDPR01_ON,  0x8174                  | mode 2: display on
  43               	    .equ    VDPR02, 0x8200+(VRAM_PLANE_A>>10)   | plane A nametable
  44               	    .equ    VDPR03, 0x8300+(VRAM_WINDOW_NT>>10) | window nametable
  45               	    .equ    VDPR04, 0x8400+(VRAM_PLANE_B>>13)   | plane B nametable
  46               	    .equ    VDPR05, 0x8500+(VRAM_SAT>>9)        | sprite attribute table
  47               	    .equ    VDPR06, 0x8600
  48               	    .equ    VDPR07, 0x8700                      | backdrop colour = pal0 idx0
  49               	    .equ    VDPR08, 0x8800
  50               	    .equ    VDPR09, 0x8900
  51               	    .equ    VDPR10, 0x8AFF                      | hint counter
  52               	    .equ    VDPR11, 0x8B00                      | full-screen scroll
68K GAS  src/megadrive/header.68k 			page 2


  53               	    .equ    VDPR12, 0x8C81                      | H40, no shadow/hilite, no interlace
  54               	    .equ    VDPR13, 0x8D00+(VRAM_HSCROLL>>10)   | hscroll table
  55               	    .equ    VDPR14, 0x8E00
  56               	    .equ    VDPR15, 0x8F02                      | autoincrement 2
  57               	    .equ    VDPR16, 0x9011                      | plane size 64x64
  58               	    .equ    VDPR17, 0x9191                      | window: right side, x>=272 (17*16)
  59               	    .equ    VDPR18, 0x9200                      | window Y: full height
  60               	
  61               	* VDP command address macros (control port longword formats)
  62               	* vram write:  0x40000000 + (a&0x3FFF)<<16 + (a&0xC000)>>14
  63               	* cram write:  0xC0000000 + ...
  64               	* vsram write: 0x40000010 + ...
  65               	
  66               	    .macro  VDP_W_VRAM   addr
  67               	    move.l  #0x40000000+((\addr&0x3FFF)<<16)+((\addr)>>14),(VDP_CTRL)
  68               	    .endm
  69               	
  70               	    .macro  VDP_W_CRAM   addr
  71               	    move.l  #0xC0000000+((\addr&0x3FFF)<<16)+((\addr)>>14),(VDP_CTRL)
  72               	    .endm
  73               	
  74               	    .macro  VDP_W_VSRAM  addr
  75               	    move.l  #0x40000010+((\addr&0x3FFF)<<16)+((\addr)>>14),(VDP_CTRL)
  76               	    .endm
   6               	
   7               	    .section .vectors,"a"
   8               	
   9               	    .global _start
  10               	
  11               	* 64 exception vectors
  12 0000 00FF FE00 	    .long   0x00FFFE00                          | initial SP (top of work RAM)
  13 0004 0000 0000 	    .long   _start                              | reset PC
  14 0008 0000 0000 	    .long   md_error                            | bus error
  15 000c 0000 0000 	    .long   md_error                            | address error
  16 0010 0000 0000 	    .long   md_error                            | illegal instruction
  17 0014 0000 0000 	    .long   md_error                            | zero divide
  18 0018 0000 0000 	    .long   md_error                            | CHK
  19 001c 0000 0000 	    .long   md_error                            | TRAPV
  20 0020 0000 0000 	    .long   md_error                            | privilege violation
  21 0024 0000 0000 	    .long   md_error                            | trace
  22 0028 0000 0000 	    .long   md_error                            | line A
  23 002c 0000 0000 	    .long   md_error                            | line F
  24               	    .rept   12
  25               	    .long   md_error                            | reserved
  26 0030 0000 0000 	    .endr
  26      0000 0000 
  26      0000 0000 
  26      0000 0000 
  26      0000 0000 
  27 0060 0000 0000 	    .long   md_error                            | spurious interrupt
  28 0064 0000 0000 	    .long   md_error                            | IRQ1
  29 0068 0000 0000 	    .long   md_ext_irq                          | IRQ2 (ext)
  30 006c 0000 0000 	    .long   md_error                            | IRQ3
  31 0070 0000 0000 	    .long   md_hblank                           | IRQ4 (hblank)
  32 0074 0000 0000 	    .long   md_error                            | IRQ5
  33 0078 0000 0000 	    .long   md_vblank                           | IRQ6 (vblank)
  34 007c 0000 0000 	    .long   md_error                            | IRQ7
68K GAS  src/megadrive/header.68k 			page 3


  35               	    .rept   16
  36               	    .long   md_error                            | TRAP #0-15
  37 0080 0000 0000 	    .endr
  37      0000 0000 
  37      0000 0000 
  37      0000 0000 
  37      0000 0000 
  38               	    .rept   16
  39               	    .long   md_error                            | reserved
  40 00c0 0000 0000 	    .endr
  40      0000 0000 
  40      0000 0000 
  40      0000 0000 
  40      0000 0000 
  41               	
  42               	* Sega header (0x100)
  43 0100 5345 4741 	    .ascii  "SEGA MEGA DRIVE "                  | console name
  43      204D 4547 
  43      4120 4452 
  43      4956 4520 
  44 0110 2843 294A 	    .ascii  "(C)JOTD 2026.JUN"                  | copyright/date
  44      4F54 4420 
  44      3230 3236 
  44      2E4A 554E 
  45 0120 5845 5649 	    .ascii  "XEVIOUS                                         "  | domestic name (48)
  45      4F55 5320 
  45      2020 2020 
  45      2020 2020 
  45      2020 2020 
  46 0150 5845 5649 	    .ascii  "XEVIOUS                                         "  | overseas name (48)
  46      4F55 5320 
  46      2020 2020 
  46      2020 2020 
  46      2020 2020 
  47 0180 474D 2030 	    .ascii  "GM 00004200-00"                    | serial
  47      3030 3034 
  47      3230 302D 
  47      3030 
  48 018e 0000      	    .word   0x0000                              | checksum (fixed by tools/fix_header.py)
  49 0190 4A20 2020 	    .ascii  "J               "                  | device support: 3-button pad
  49      2020 2020 
  49      2020 2020 
  49      2020 2020 
  50 01a0 0000 0000 	    .long   0x00000000                          | ROM start
  51 01a4 003F FFFF 	    .long   0x003FFFFF                          | ROM end (fixed by tools/fix_header.py)
  52 01a8 00FF 0000 	    .long   0x00FF0000                          | RAM start
  53 01ac 00FF FFFF 	    .long   0x00FFFFFF                          | RAM end
  54 01b0 5241      	    .ascii  "RA"                                | SRAM enabled
  55 01b2 F820      	    .byte   0xF8,0x20                           | SRAM type: odd bytes, no battery flag clear
  56 01b4 0020 0001 	    .long   0x00200001                          | SRAM start
  57 01b8 0020 03FF 	    .long   0x002003FF                          | SRAM end
  58 01bc 2020 2020 	    .ascii  "            "                      | modem
  58      2020 2020 
  58      2020 2020 
  59 01c8 2020 2020 	    .ascii  "                                        "  | notes (40)
  59      2020 2020 
  59      2020 2020 
68K GAS  src/megadrive/header.68k 			page 4


  59      2020 2020 
  59      2020 2020 
  60 01f0 4A55 4520 	    .ascii  "JUE             "                  | region
  60      2020 2020 
  60      2020 2020 
  60      2020 2020 
68K GAS  src/megadrive/header.68k 			page 5


DEFINED SYMBOLS
                            *ABS*:00000001 RELEASE
                            *ABS*:00000001 __megadrive__
src/megadrive/vdpregs.inc:6      *ABS*:00000000 ROM_BASE
src/megadrive/vdpregs.inc:7      *ABS*:00200001 SRAM_BASE
src/megadrive/vdpregs.inc:8      *ABS*:002003ff SRAM_END
src/megadrive/vdpregs.inc:9      *ABS*:00a00000 Z80_RAM
src/megadrive/vdpregs.inc:10     *ABS*:00a11100 Z80_BUSREQ
src/megadrive/vdpregs.inc:11     *ABS*:00a11200 Z80_RESET
src/megadrive/vdpregs.inc:12     *ABS*:00a10001 IO_VERSION
src/megadrive/vdpregs.inc:13     *ABS*:00a10003 IO_DATA1
src/megadrive/vdpregs.inc:14     *ABS*:00a10005 IO_DATA2
src/megadrive/vdpregs.inc:15     *ABS*:00a10009 IO_CTRL1
src/megadrive/vdpregs.inc:16     *ABS*:00a1000b IO_CTRL2
src/megadrive/vdpregs.inc:17     *ABS*:00a14000 TMSS_REG
src/megadrive/vdpregs.inc:18     *ABS*:00a130f1 SRAM_CTRL
src/megadrive/vdpregs.inc:19     *ABS*:00ff0000 RAM_BASE
src/megadrive/vdpregs.inc:22     *ABS*:00c00000 VDP_DATA
src/megadrive/vdpregs.inc:23     *ABS*:00c00004 VDP_CTRL
src/megadrive/vdpregs.inc:24     *ABS*:00c00008 VDP_HV
src/megadrive/vdpregs.inc:25     *ABS*:00c00011 PSG_PORT
src/megadrive/vdpregs.inc:32     *ABS*:0000b000 VRAM_WINDOW_NT
src/megadrive/vdpregs.inc:33     *ABS*:0000bc00 VRAM_SAT
src/megadrive/vdpregs.inc:34     *ABS*:0000bf00 VRAM_HSCROLL
src/megadrive/vdpregs.inc:35     *ABS*:0000c000 VRAM_PLANE_A
src/megadrive/vdpregs.inc:36     *ABS*:0000e000 VRAM_PLANE_B
src/megadrive/vdpregs.inc:40     *ABS*:00008004 VDPR00
src/megadrive/vdpregs.inc:41     *ABS*:00008134 VDPR01_OFF
src/megadrive/vdpregs.inc:42     *ABS*:00008174 VDPR01_ON
src/megadrive/vdpregs.inc:43     *ABS*:00008230 VDPR02
src/megadrive/vdpregs.inc:44     *ABS*:0000832c VDPR03
src/megadrive/vdpregs.inc:45     *ABS*:00008407 VDPR04
src/megadrive/vdpregs.inc:46     *ABS*:0000855e VDPR05
src/megadrive/vdpregs.inc:47     *ABS*:00008600 VDPR06
src/megadrive/vdpregs.inc:48     *ABS*:00008700 VDPR07
src/megadrive/vdpregs.inc:49     *ABS*:00008800 VDPR08
src/megadrive/vdpregs.inc:50     *ABS*:00008900 VDPR09
src/megadrive/vdpregs.inc:51     *ABS*:00008aff VDPR10
src/megadrive/vdpregs.inc:52     *ABS*:00008b00 VDPR11
src/megadrive/vdpregs.inc:53     *ABS*:00008c81 VDPR12
src/megadrive/vdpregs.inc:54     *ABS*:00008d2f VDPR13
src/megadrive/vdpregs.inc:55     *ABS*:00008e00 VDPR14
src/megadrive/vdpregs.inc:56     *ABS*:00008f02 VDPR15
src/megadrive/vdpregs.inc:57     *ABS*:00009011 VDPR16
src/megadrive/vdpregs.inc:58     *ABS*:00009191 VDPR17
src/megadrive/vdpregs.inc:59     *ABS*:00009200 VDPR18

UNDEFINED SYMBOLS
_start
md_error
md_ext_irq
md_hblank
md_vblank
