68K GAS  src/megadrive/sounds_md.68k 			page 1


   1               	* generated by assets/megadrive/convert_sounds_md.py - DO NOT EDIT
   2               	
   3               	    .global md_sound_table
   4               	    .global md_smp_base
   5               	
   6               	    .section .rodata
   7               	
   8               	    .align 2
   9               	md_sound_table:
  10 0000 0000 0000 	    .long 0
  11 0004 0000      	    .word 0
  12 0006 0000      	    .byte 0,0   | 0x00 (unused)
  13 0008 0000 0000 	    .long smp_main_theme
  14 000c 018D      	    .word 397
  15 000e 00F1      	    .byte 0, 241   | 0x01 main_theme
  16 0010 0000 0000 	    .long smp_highest_score
  17 0014 014C      	    .word 332
  18 0016 00F0      	    .byte 0, 240   | 0x02 highest_score
  19 0018 0000 0000 	    .long smp_high_score
  20 001c 018D      	    .word 397
  21 001e 00F0      	    .byte 0, 240   | 0x03 high_score
  22 0020 0000 0000 	    .long smp_extra_solvalou
  23 0024 003B      	    .word 59
  24 0026 03C0      	    .byte 3, 192   | 0x04 extra_solvalou
  25 0028 0000 0000 	    .long smp_flying_enemy_hit
  26 002c 000D      	    .word 13
  27 002e 02A0      	    .byte 2, 160   | 0x05 flying_enemy_hit
  28 0030 0000 0000 	    .long smp_garu_zakato
  29 0034 0019      	    .word 25
  30 0036 0380      	    .byte 3, 128   | 0x06 garu_zakato
  31 0038 0000 0000 	    .long smp_andor_genesis
  32 003c 006F      	    .word 111
  33 003e 0390      	    .byte 3, 144   | 0x07 andor_genesis
  34 0040 0000 0000 	    .long smp_sheonite
  35 0044 004F      	    .word 79
  36 0046 0390      	    .byte 3, 144   | 0x08 sheonite
  37 0048 0000 0000 	    .long smp_teleport
  38 004c 0007      	    .word 7
  39 004e 0280      	    .byte 2, 128   | 0x09 teleport
  40 0050 0000 0000 	    .long smp_bacura_hit
  41 0054 000A      	    .word 10
  42 0056 0190      	    .byte 1, 144   | 0x0a bacura_hit
  43 0058 0000 0000 	    .long smp_shot
  44 005c 0005      	    .word 5
  45 005e 01A0      	    .byte 1, 160   | 0x0b shot
  46 0060 0000 0000 	    .long smp_bomb
  47 0064 002F      	    .word 47
  48 0066 01B0      	    .byte 1, 176   | 0x0c bomb
  49 0068 0000 0000 	    .long smp_bonus_flag
  50 006c 0026      	    .word 38
  51 006e 0390      	    .byte 3, 144   | 0x0d bonus_flag
  52 0070 0000 0000 	    .long smp_solvalou
  53 0074 00C7      	    .word 199
  54 0076 0091      	    .byte 0, 145   | 0x0e solvalou
  55 0078 0000 0000 	    .long 0
  56 007c 0000      	    .word 0
  57 007e 0000      	    .byte 0,0   | 0x0f (unused)
68K GAS  src/megadrive/sounds_md.68k 			page 2


  58 0080 0000 0000 	    .long smp_coin
  59 0084 0022      	    .word 34
  60 0086 01D0      	    .byte 1, 208   | 0x10 coin
  61 0088 0000 0000 	    .long smp_ground_explosion
  62 008c 003C      	    .word 60
  63 008e 03C0      	    .byte 3, 192   | 0x11 ground_explosion
  64 0090 0000 0000 	    .long smp_solvalou_explosion
  65 0094 0071      	    .word 113
  66 0096 03E0      	    .byte 3, 224   | 0x12 solvalou_explosion
  67               	
  68               	md_smp_base:
  69 0098 0000 0000 	    .balign 256
  69      0000 0000 
  69      0000 0000 
  69      0000 0000 
  69      0000 0000 
  70               	smp_main_theme:
  71 0100 0000 0000 	    .incbin "smp_main_theme.bin"
  71      0000 0000 
  71      0000 0000 
  71      0000 0000 
  71      0000 0000 
  72               	    .balign 256
  73               	smp_highest_score:
  74 18e00 0000 0000 	    .incbin "smp_highest_score.bin"
  74      0000 0000 
  74      0000 0000 
  74      0000 0000 
  74      0000 0000 
  75               	    .balign 256
  76               	smp_high_score:
  77 2da00 00F4 F5D6 	    .incbin "smp_high_score.bin"
  77      F7E7 DBD2 
  77      D5DC E9E7 
  77      E508 F40E 
  77      141B 2017 
  78               	    .balign 256
  79               	smp_extra_solvalou:
  80 46700 0000 0000 	    .incbin "smp_extra_solvalou.bin"
  80      0000 0000 
  80      0000 0000 
  80      0000 0000 
  80      0000 0000 
  81               	    .balign 256
  82               	smp_flying_enemy_hit:
  83 4a200 0001 0F08 	    .incbin "smp_flying_enemy_hit.bin"
  83      D6EC D1F9 
  83      1D01 11FA 
  83      F5F1 D0ED 
  83      160D 16DB 
  84               	    .balign 256
  85               	smp_garu_zakato:
  86 4af00 0000 0000 	    .incbin "smp_garu_zakato.bin"
  86      0000 0000 
  86      00FF 0001 
  86      F313 EA0D 
  86      11EC EA0B 
68K GAS  src/megadrive/sounds_md.68k 			page 3


  87               	    .balign 256
  88               	smp_andor_genesis:
  89 4c800 0000 0000 	    .incbin "smp_andor_genesis.bin"
  89      FF03 1010 
  89      1010 1010 
  89      1010 1010 
  89      0F10 1010 
  90               	    .balign 256
  91               	smp_sheonite:
  92 53700 0100 0002 	    .incbin "smp_sheonite.bin"
  92      E9EC EB0B 
  92      110F 1010 
  92      0F10 0AEC 
  92      EBEB EBEB 
  93               	    .balign 256
  94               	smp_teleport:
  95 58600 0000 0000 	    .incbin "smp_teleport.bin"
  95      0905 0505 
  95      0505 0508 
  95      0808 0808 
  95      0808 0808 
  96               	    .balign 256
  97               	smp_bacura_hit:
  98 58d00 0000 0000 	    .incbin "smp_bacura_hit.bin"
  98      0002 05FB 
  98      FBFB FBFB 
  98      D9D5 FBFB 
  98      FBFB FB1A 
  99               	    .balign 256
 100               	smp_shot:
 101 59700 0000 00FD 	    .incbin "smp_shot.bin"
 101      ECF0 F0F1 
 101      EBEB EBEB 
 101      EBEB EBEB 
 101      ECEA F107 
 102               	    .balign 256
 103               	smp_bomb:
 104 59c00 0010 1010 	    .incbin "smp_bomb.bin"
 104      0F11 ECEB 
 104      EBEB EBEB 
 104      EBEB EBEB 
 104      EBEB EBEB 
 105               	    .balign 256
 106               	smp_bonus_flag:
 107 5cb00 0000 00F2 	    .incbin "smp_bonus_flag.bin"
 107      F0F1 EEED 
 107      EBEB EDEE 
 107      F1F3 F7FC 
 107      0305 080C 
 108               	    .balign 256
 109               	smp_solvalou:
 110 5f100 0000 0000 	    .incbin "smp_solvalou.bin"
 110      0000 0000 
 110      0000 0000 
 110      000D 0D0F 
 110      1010 0D0D 
 111               	    .balign 256
68K GAS  src/megadrive/sounds_md.68k 			page 4


 112               	smp_coin:
 113 6b800 0000 0000 	    .incbin "smp_coin.bin"
 113      0000 0000 
 113      0000 0000 
 113      0000 0000 
 113      0000 0000 
 114               	    .balign 256
 115               	smp_ground_explosion:
 116 6da00 0000 0000 	    .incbin "smp_ground_explosion.bin"
 116      0000 0000 
 116      0000 0000 
 116      0000 0000 
 116      0000 0000 
 117               	    .balign 256
 118               	smp_solvalou_explosion:
 119 71600 0000 0000 	    .incbin "smp_solvalou_explosion.bin"
 119      0000 0000 
 119      0001 080E 
 119      141A 1F25 
 119      2826 2422 
68K GAS  src/megadrive/sounds_md.68k 			page 5


DEFINED SYMBOLS
                            *ABS*:00000001 RELEASE
                            *ABS*:00000001 __megadrive__
src/megadrive/sounds_md.68k:9      .rodata:00000000 md_sound_table
src/megadrive/sounds_md.68k:68     .rodata:00000098 md_smp_base
src/megadrive/sounds_md.68k:70     .rodata:00000100 smp_main_theme
src/megadrive/sounds_md.68k:73     .rodata:00018e00 smp_highest_score
src/megadrive/sounds_md.68k:76     .rodata:0002da00 smp_high_score
src/megadrive/sounds_md.68k:79     .rodata:00046700 smp_extra_solvalou
src/megadrive/sounds_md.68k:82     .rodata:0004a200 smp_flying_enemy_hit
src/megadrive/sounds_md.68k:85     .rodata:0004af00 smp_garu_zakato
src/megadrive/sounds_md.68k:88     .rodata:0004c800 smp_andor_genesis
src/megadrive/sounds_md.68k:91     .rodata:00053700 smp_sheonite
src/megadrive/sounds_md.68k:94     .rodata:00058600 smp_teleport
src/megadrive/sounds_md.68k:97     .rodata:00058d00 smp_bacura_hit
src/megadrive/sounds_md.68k:100    .rodata:00059700 smp_shot
src/megadrive/sounds_md.68k:103    .rodata:00059c00 smp_bomb
src/megadrive/sounds_md.68k:106    .rodata:0005cb00 smp_bonus_flag
src/megadrive/sounds_md.68k:109    .rodata:0005f100 smp_solvalou
src/megadrive/sounds_md.68k:112    .rodata:0006b800 smp_coin
src/megadrive/sounds_md.68k:115    .rodata:0006da00 smp_ground_explosion
src/megadrive/sounds_md.68k:118    .rodata:00071600 smp_solvalou_explosion

NO UNDEFINED SYMBOLS
